<?xml version="1.0" encoding="UTF-8"?>
<!-- Generated by org.testng.reporters.JUnitReportReporter -->
<testsuite hostname="ojas-dl663" failures="0" tests="1" name="com.QA.DataDrivenScripts.ApplicationCorrelation" time="18.371" errors="0" timestamp="2024-04-19T16:25:24 IST" skipped="0">
  <testcase classname="com.QA.DataDrivenScripts.ApplicationCorrelation" name="testCorrelation" time="18.371"/>
  <system-out/>
</testsuite> <!-- com.QA.DataDrivenScripts.ApplicationCorrelation -->
