<?xml version="1.0" encoding="UTF-8"?>
<!-- Generated by org.testng.reporters.JUnitReportReporter -->
<testsuite hostname="ojas-dl663" failures="0" tests="1" name="com.QA.Application.TestScripts.IdentityMappingScripts" time="21.526" errors="0" timestamp="2024-04-15T16:36:41 IST" skipped="0">
  <testcase classname="com.QA.Application.TestScripts.IdentityMappingScripts" name="tc05verifyCreateIdentityMappings" time="21.526"/>
  <system-out/>
</testsuite> <!-- com.QA.Application.TestScripts.IdentityMappingScripts -->
