<?xml version="1.0" encoding="UTF-8"?>
<!-- Generated by org.testng.reporters.JUnitReportReporter -->
<testsuite hostname="ojas-dl647" failures="0" tests="1" name="com.QA.DataDriven.JDBCDDTScript" time="72.653" errors="0" timestamp="2024-04-17T16:07:09 IST" skipped="0">
  <testcase classname="com.QA.DataDriven.JDBCDDTScript" name="JDBC_APPLICATION_ONBOARDING_DDT" time="72.653"/>
  <system-out/>
</testsuite> <!-- com.QA.DataDriven.JDBCDDTScript -->
