<?xml version="1.0" encoding="UTF-8"?>
<!-- Generated by org.testng.reporters.JUnitReportReporter -->
<testsuite hostname="ojas-dl647" failures="0" tests="1" name="com.QA.DataDrivenScripts.SailpointDDTLogin" time="13.741" errors="0" timestamp="2024-04-23T15:37:07 IST" skipped="0">
  <testcase classname="com.QA.DataDrivenScripts.SailpointDDTLogin" name="Launch_Application_DDT" time="13.741"/>
  <system-out/>
</testsuite> <!-- com.QA.DataDrivenScripts.SailpointDDTLogin -->
