<?xml version="1.0" encoding="UTF-8"?>
<!-- Generated by org.testng.reporters.JUnitReportReporter -->
<testsuite hostname="ojas-dl647" failures="0" tests="1" name="com.QA.DataDrivenScripts.CreateAggregationTaskDDT" time="29.513" errors="0" timestamp="2024-04-18T12:36:25 IST" skipped="0">
  <testcase classname="com.QA.DataDrivenScripts.CreateAggregationTaskDDT" name="verifyCreateIdentityMappingsDDTScript" time="29.513"/>
  <system-out/>
</testsuite> <!-- com.QA.DataDrivenScripts.CreateAggregationTaskDDT -->
