<?xml version="1.0" encoding="UTF-8"?>
<!-- Generated by org.testng.reporters.JUnitReportReporter -->
<testsuite hostname="ojas-dl647" failures="0" tests="1" name="com.QA.Application.TestScripts.CreateAggregationTask" time="11.052" errors="0" timestamp="2024-04-05T15:30:02 IST" skipped="0">
  <testcase classname="com.QA.Application.TestScripts.CreateAggregationTask" name="tc03verifyCreateAggregationTask" time="11.052"/>
  <system-out/>
</testsuite> <!-- com.QA.Application.TestScripts.CreateAggregationTask -->
