<?xml version="1.0" encoding="UTF-8"?>
<!-- Generated by org.testng.reporters.JUnitReportReporter -->
<testsuite hostname="ojas-dl647" failures="0" tests="1" name="com.QA.Application.TestScripts.LoginScript" time="4.041" errors="0" timestamp="2024-04-05T11:13:45 IST" skipped="0">
  <testcase classname="com.QA.Application.TestScripts.LoginScript" name="tc01VerifyLogin" time="4.041"/>
  <system-out/>
</testsuite> <!-- com.QA.Application.TestScripts.LoginScript -->
