<?xml version="1.0" encoding="UTF-8"?>
<!-- Generated by org.testng.reporters.JUnitReportReporter -->
<testsuite hostname="ojas-dl663" failures="0" tests="1" name="com.QA.Application.TestScripts.ApplicationOnBoardingScript" time="66.794" errors="0" timestamp="2024-04-16T11:17:17 IST" skipped="0">
  <testcase classname="com.QA.Application.TestScripts.ApplicationOnBoardingScript" name="tc02verifyApplicationOnBoarding" time="66.794"/>
  <system-out/>
</testsuite> <!-- com.QA.Application.TestScripts.ApplicationOnBoardingScript -->
