<?xml version="1.0" encoding="UTF-8"?>
<!-- Generated by org.testng.reporters.JUnitReportReporter -->
<testsuite hostname="ojas-dl647" failures="0" tests="1" name="com.QA.Application.TestScripts.WriteRulesAndCorrelation" time="207.603" errors="0" timestamp="2024-04-08T18:09:07 IST" skipped="0">
  <testcase classname="com.QA.Application.TestScripts.WriteRulesAndCorrelation" name="tc01VerifyLogin" time="207.603"/>
  <system-out/>
</testsuite> <!-- com.QA.Application.TestScripts.WriteRulesAndCorrelation -->
