<?xml version="1.0" encoding="UTF-8"?>
<!-- Generated by org.testng.reporters.JUnitReportReporter -->
<testsuite hostname="ojas-dl647" failures="0" tests="1" name="com.QA.DataDriven.JDBCDDTScript" time="7.917" errors="0" timestamp="2024-04-18T10:24:11 IST" skipped="0">
  <testcase classname="com.QA.DataDriven.JDBCDDTScript" name="JDBC_APPLICATION_ONBOARDING_DDT" time="7.917"/>
  <system-out/>
</testsuite> <!-- com.QA.DataDriven.JDBCDDTScript -->
