<?xml version="1.0" encoding="UTF-8"?>
<!-- Generated by org.testng.reporters.JUnitReportReporter -->
<testsuite hostname="ojas-dl647" failures="0" tests="1" name="com.QA.DataDriven.SailpointDDTLogin" time="23.154" errors="0" timestamp="2024-04-17T15:25:53 IST" skipped="0">
  <testcase classname="com.QA.DataDriven.SailpointDDTLogin" name="Launch_Application_DDT" time="23.154"/>
  <system-out/>
</testsuite> <!-- com.QA.DataDriven.SailpointDDTLogin -->
