<?xml version="1.0" encoding="UTF-8"?>
<!-- Generated by org.testng.reporters.JUnitReportReporter -->
<testsuite hostname="ojas-dl647" failures="0" tests="3" name="com.QA.Application.TestScripts.Practice" time="0.012" errors="0" timestamp="2024-03-21T17:01:15 IST" skipped="0">
  <testcase classname="com.QA.Application.TestScripts.Practice" name="Logout" time="0.001"/>
  <system-out/>
  <testcase classname="com.QA.Application.TestScripts.Practice" name="OpenBrowser" time="0.009"/>
  <system-out/>
  <testcase classname="com.QA.Application.TestScripts.Practice" name="SignIn" time="0.002"/>
  <system-out/>
</testsuite> <!-- com.QA.Application.TestScripts.Practice -->
