<?xml version="1.0" encoding="UTF-8"?>
<!-- Generated by org.testng.reporters.JUnitReportReporter -->
<testsuite hostname="ojas-dl663" failures="0" tests="1" name="com.QA.Application.TestScripts.IdentityMappingScripts" time="25.503" errors="0" timestamp="2024-04-16T11:17:51 IST" skipped="0">
  <testcase classname="com.QA.Application.TestScripts.IdentityMappingScripts" name="tc05verifyCreateIdentityMappings" time="25.503"/>
  <system-out/>
</testsuite> <!-- com.QA.Application.TestScripts.IdentityMappingScripts -->
