<?xml version="1.0" encoding="UTF-8"?>
<!-- Generated by org.testng.reporters.JUnitReportReporter -->
<testsuite hostname="ojas-dl647" failures="0" tests="1" name="com.QA.DataDriven.DeBugDDTScipts" time="10.446" errors="0" timestamp="2024-04-18T11:35:19 IST" skipped="0">
  <testcase classname="com.QA.DataDriven.DeBugDDTScipts" name="verifyCreateIdentityMappingsDDTScript" time="10.446"/>
  <system-out/>
</testsuite> <!-- com.QA.DataDriven.DeBugDDTScipts -->
