<?xml version="1.0" encoding="UTF-8"?>
<!-- Generated by org.testng.reporters.JUnitReportReporter -->
<testsuite hostname="ojas-dl647" failures="0" tests="1" name="com.QA.Application.TestScripts.CreateAggregationTask" time="3.594" errors="0" timestamp="2024-04-03T15:19:42 IST" skipped="0">
  <testcase classname="com.QA.Application.TestScripts.CreateAggregationTask" name="tc03verifyCreateAggregationTask" time="3.594"/>
  <system-out/>
</testsuite> <!-- com.QA.Application.TestScripts.CreateAggregationTask -->
