<?xml version="1.0" encoding="UTF-8"?>
<!-- Generated by org.testng.reporters.JUnitReportReporter -->
<<<<<<< HEAD
<testsuite hostname="ojas-dl663" failures="0" tests="1" name="com.QA.DataDrivenScripts.CreateRulesDDTScript" time="21.974" errors="1" timestamp="2024-04-18T18:08:47 IST" skipped="0">
  <testcase classname="com.QA.DataDrivenScripts.CreateRulesDDTScript" name="verifyCreateApplicationRules" time="21.974">
    <error message="element click intercepted: Element &lt;span class=&quot;hidden-xs&quot;&gt;...&lt;/span&gt; is not clickable at point (1279, 94). Other element would receive the click: &lt;div class=&quot;x-mask&quot; id=&quot;ext-gen1360&quot; style=&quot;width: 1359px; height: 1060px; left: 0px; top: 0px; z-index: 18997;&quot;&gt;&lt;/div&gt;
  (Session info: chrome=123.0.6312.123)
=======
<testsuite hostname="ojas-dl647" failures="0" tests="1" name="com.QA.DataDrivenScripts.CreateRulesDDTScript" time="23.526" errors="1" timestamp="2024-04-24T15:50:55 IST" skipped="0">
  <testcase classname="com.QA.DataDrivenScripts.CreateRulesDDTScript" name="verifyCreateApplicationRules" time="23.526">
    <error message="element click intercepted: Element &lt;span class=&quot;hidden-xs&quot;&gt;...&lt;/span&gt; is not clickable at point (1279, 7). Other element would receive the click: &lt;div class=&quot;x-mask&quot; id=&quot;ext-gen1419&quot; style=&quot;width: 1359px; height: 1058px; left: 0px; top: 0px; z-index: 18997;&quot;&gt;&lt;/div&gt;
  (Session info: chrome=124.0.6367.61)
>>>>>>> branch 'VinayKumar' of https://github.com/narendra25/SailPointAutomationProject.git
Build info: version: &#039;3.141.59&#039;, revision: &#039;e82be7d358&#039;, time: &#039;2018-11-14T08:17:03&#039;
<<<<<<< HEAD
System info: host: &#039;OJAS-DL663&#039;, ip: &#039;192.168.7.166&#039;, os.name: &#039;Windows 11&#039;, os.arch: &#039;amd64&#039;, os.version: &#039;10.0&#039;, java.version: &#039;17.0.7&#039;
Driver info: org.openqa.selenium.chrome.ChromeDriver
Capabilities {acceptInsecureCerts: false, browserName: chrome, browserVersion: 123.0.6312.123, chrome: {chromedriverVersion: 123.0.6312.122 (31f8248cdd9..., userDataDir: C:\Users\vc21352\AppData\Lo...}, fedcm:accounts: true, goog:chromeOptions: {debuggerAddress: localhost:62325}, javascriptEnabled: true, networkConnectionEnabled: false, pageLoadStrategy: normal, platform: WINDOWS, platformName: WINDOWS, proxy: Proxy(), setWindowRect: true, strictFileInteractability: false, timeouts: {implicit: 0, pageLoad: 300000, script: 30000}, unhandledPromptBehavior: dismiss and notify, webauthn:extension:credBlob: true, webauthn:extension:largeBlob: true, webauthn:extension:minPinLength: true, webauthn:extension:prf: true, webauthn:virtualAuthenticators: true}
Session ID: b12c4a853447ee39f0739f626c29f258" type="org.openqa.selenium.ElementClickInterceptedException">
      <![CDATA[org.openqa.selenium.ElementClickInterceptedException: element click intercepted: Element <span class="hidden-xs">...</span> is not clickable at point (1279, 94). Other element would receive the click: <div class="x-mask" id="ext-gen1360" style="width: 1359px; height: 1060px; left: 0px; top: 0px; z-index: 18997;"></div>
  (Session info: chrome=123.0.6312.123)
=======
System info: host: &#039;OJAS-DL647&#039;, ip: &#039;192.168.4.218&#039;, os.name: &#039;Windows 11&#039;, os.arch: &#039;amd64&#039;, os.version: &#039;10.0&#039;, java.version: &#039;17.0.9&#039;
Driver info: org.openqa.selenium.chrome.ChromeDriver
Capabilities {acceptInsecureCerts: false, browserName: chrome, browserVersion: 124.0.6367.61, chrome: {chromedriverVersion: 124.0.6367.78 (a087f2dd364d..., userDataDir: C:\Users\na21279\AppData\Lo...}, fedcm:accounts: true, goog:chromeOptions: {debuggerAddress: localhost:56418}, javascriptEnabled: true, networkConnectionEnabled: false, pageLoadStrategy: normal, platform: WINDOWS, platformName: WINDOWS, proxy: Proxy(), setWindowRect: true, strictFileInteractability: false, timeouts: {implicit: 0, pageLoad: 300000, script: 30000}, unhandledPromptBehavior: dismiss and notify, webauthn:extension:credBlob: true, webauthn:extension:largeBlob: true, webauthn:extension:minPinLength: true, webauthn:extension:prf: true, webauthn:virtualAuthenticators: true}
Session ID: a354efd2406f655177f25e7bd36489fc" type="org.openqa.selenium.ElementClickInterceptedException">
      <![CDATA[org.openqa.selenium.ElementClickInterceptedException: element click intercepted: Element <span class="hidden-xs">...</span> is not clickable at point (1279, 7). Other element would receive the click: <div class="x-mask" id="ext-gen1419" style="width: 1359px; height: 1058px; left: 0px; top: 0px; z-index: 18997;"></div>
  (Session info: chrome=124.0.6367.61)
>>>>>>> branch 'VinayKumar' of https://github.com/narendra25/SailPointAutomationProject.git
Build info: version: '3.141.59', revision: 'e82be7d358', time: '2018-11-14T08:17:03'
<<<<<<< HEAD
System info: host: 'OJAS-DL663', ip: '192.168.7.166', os.name: 'Windows 11', os.arch: 'amd64', os.version: '10.0', java.version: '17.0.7'
Driver info: org.openqa.selenium.chrome.ChromeDriver
Capabilities {acceptInsecureCerts: false, browserName: chrome, browserVersion: 123.0.6312.123, chrome: {chromedriverVersion: 123.0.6312.122 (31f8248cdd9..., userDataDir: C:\Users\vc21352\AppData\Lo...}, fedcm:accounts: true, goog:chromeOptions: {debuggerAddress: localhost:62325}, javascriptEnabled: true, networkConnectionEnabled: false, pageLoadStrategy: normal, platform: WINDOWS, platformName: WINDOWS, proxy: Proxy(), setWindowRect: true, strictFileInteractability: false, timeouts: {implicit: 0, pageLoad: 300000, script: 30000}, unhandledPromptBehavior: dismiss and notify, webauthn:extension:credBlob: true, webauthn:extension:largeBlob: true, webauthn:extension:minPinLength: true, webauthn:extension:prf: true, webauthn:virtualAuthenticators: true}
Session ID: b12c4a853447ee39f0739f626c29f258
=======
System info: host: 'OJAS-DL647', ip: '192.168.4.218', os.name: 'Windows 11', os.arch: 'amd64', os.version: '10.0', java.version: '17.0.9'
Driver info: org.openqa.selenium.chrome.ChromeDriver
Capabilities {acceptInsecureCerts: false, browserName: chrome, browserVersion: 124.0.6367.61, chrome: {chromedriverVersion: 124.0.6367.78 (a087f2dd364d..., userDataDir: C:\Users\na21279\AppData\Lo...}, fedcm:accounts: true, goog:chromeOptions: {debuggerAddress: localhost:56418}, javascriptEnabled: true, networkConnectionEnabled: false, pageLoadStrategy: normal, platform: WINDOWS, platformName: WINDOWS, proxy: Proxy(), setWindowRect: true, strictFileInteractability: false, timeouts: {implicit: 0, pageLoad: 300000, script: 30000}, unhandledPromptBehavior: dismiss and notify, webauthn:extension:credBlob: true, webauthn:extension:largeBlob: true, webauthn:extension:minPinLength: true, webauthn:extension:prf: true, webauthn:virtualAuthenticators: true}
Session ID: a354efd2406f655177f25e7bd36489fc
>>>>>>> branch 'VinayKumar' of https://github.com/narendra25/SailPointAutomationProject.git
at java.base/jdk.internal.reflect.NativeConstructorAccessorImpl.newInstance0(Native Method)
at java.base/jdk.internal.reflect.NativeConstructorAccessorImpl.newInstance(NativeConstructorAccessorImpl.java:77)
at java.base/jdk.internal.reflect.DelegatingConstructorAccessorImpl.newInstance(DelegatingConstructorAccessorImpl.java:45)
at java.base/java.lang.reflect.Constructor.newInstanceWithCaller(Constructor.java:499)
at java.base/java.lang.reflect.Constructor.newInstance(Constructor.java:480)
at org.openqa.selenium.remote.http.W3CHttpResponseCodec.createException(W3CHttpResponseCodec.java:187)
at org.openqa.selenium.remote.http.W3CHttpResponseCodec.decode(W3CHttpResponseCodec.java:122)
at org.openqa.selenium.remote.http.W3CHttpResponseCodec.decode(W3CHttpResponseCodec.java:49)
at org.openqa.selenium.remote.HttpCommandExecutor.execute(HttpCommandExecutor.java:158)
at org.openqa.selenium.remote.service.DriverCommandExecutor.execute(DriverCommandExecutor.java:83)
at org.openqa.selenium.remote.RemoteWebDriver.execute(RemoteWebDriver.java:552)
at org.openqa.selenium.remote.RemoteWebElement.execute(RemoteWebElement.java:285)
at org.openqa.selenium.remote.RemoteWebElement.click(RemoteWebElement.java:84)
<<<<<<< HEAD
at com.QA.Application.Utilities.ReUsableMethods.clickOnButton(ReUsableMethods.java:55)
at ApplicationReusableMethods.ApplicationReusableMethods.LogOut_Application(ApplicationReusableMethods.java:59)
at ApplicationReusableMethods.ApplicationReusableMethods.CreateRuleOfSailPointApplication(ApplicationReusableMethods.java:226)
=======
at com.QA.Application.Utilities.ReUsableMethods.clickOnButton(ReUsableMethods.java:67)
at ApplicationReusableMethods.ApplicationReusableMethods.LogOut_Application(ApplicationReusableMethods.java:60)
at ApplicationReusableMethods.ApplicationReusableMethods.CreateRuleOfSailPointApplication(ApplicationReusableMethods.java:228)
>>>>>>> branch 'VinayKumar' of https://github.com/narendra25/SailPointAutomationProject.git
at com.QA.DataDrivenScripts.CreateRulesDDTScript.verifyCreateApplicationRules(CreateRulesDDTScript.java:14)
at java.base/jdk.internal.reflect.NativeMethodAccessorImpl.invoke0(Native Method)
at java.base/jdk.internal.reflect.NativeMethodAccessorImpl.invoke(NativeMethodAccessorImpl.java:77)
at java.base/jdk.internal.reflect.DelegatingMethodAccessorImpl.invoke(DelegatingMethodAccessorImpl.java:43)
at java.base/java.lang.reflect.Method.invoke(Method.java:568)
at org.testng.internal.invokers.MethodInvocationHelper.invokeMethod(MethodInvocationHelper.java:141)
at org.testng.internal.invokers.TestInvoker.invokeMethod(TestInvoker.java:686)
at org.testng.internal.invokers.TestInvoker.invokeTestMethod(TestInvoker.java:230)
at org.testng.internal.invokers.MethodRunner.runInSequence(MethodRunner.java:63)
at org.testng.internal.invokers.TestInvoker$MethodInvocationAgent.invoke(TestInvoker.java:992)
at org.testng.internal.invokers.TestInvoker.invokeTestMethods(TestInvoker.java:203)
at org.testng.internal.invokers.TestMethodWorker.invokeTestMethods(TestMethodWorker.java:154)
at org.testng.internal.invokers.TestMethodWorker.run(TestMethodWorker.java:134)
at java.base/java.util.ArrayList.forEach(ArrayList.java:1511)
at org.testng.TestRunner.privateRun(TestRunner.java:739)
at org.testng.TestRunner.run(TestRunner.java:614)
at org.testng.SuiteRunner.runTest(SuiteRunner.java:421)
at org.testng.SuiteRunner.runSequentially(SuiteRunner.java:413)
at org.testng.SuiteRunner.privateRun(SuiteRunner.java:373)
at org.testng.SuiteRunner.run(SuiteRunner.java:312)
at org.testng.SuiteRunnerWorker.runSuite(SuiteRunnerWorker.java:52)
at org.testng.SuiteRunnerWorker.run(SuiteRunnerWorker.java:95)
at org.testng.TestNG.runSuitesSequentially(TestNG.java:1274)
at org.testng.TestNG.runSuitesLocally(TestNG.java:1208)
at org.testng.TestNG.runSuites(TestNG.java:1112)
at org.testng.TestNG.run(TestNG.java:1079)
at org.testng.remote.AbstractRemoteTestNG.run(AbstractRemoteTestNG.java:115)
at org.testng.remote.RemoteTestNG.initAndRun(RemoteTestNG.java:293)
at org.testng.remote.RemoteTestNG.main(RemoteTestNG.java:91)
]]>
    </error>
  </testcase> <!-- verifyCreateApplicationRules -->
</testsuite> <!-- com.QA.DataDrivenScripts.CreateRulesDDTScript -->
