<?xml version="1.0" encoding="UTF-8"?>
<!-- Generated by org.testng.reporters.JUnitReportReporter -->
<testsuite hostname="ojas-dl647" failures="0" tests="1" name="com.QA.DataDrivenScripts.CreateRulesDDTScript" time="12.737" errors="0" timestamp="2024-04-19T09:54:01 IST" skipped="0">
  <testcase classname="com.QA.DataDrivenScripts.CreateRulesDDTScript" name="verifyCreateApplicationRules" time="12.737"/>
  <system-out/>
</testsuite> <!-- com.QA.DataDrivenScripts.CreateRulesDDTScript -->
