<?xml version="1.0" encoding="UTF-8"?>
<!-- Generated by org.testng.reporters.JUnitReportReporter -->
<testsuite hostname="ojas-dl647" failures="0" tests="1" name="com.QA.Application.TestScripts.LoginScript" time="10.736" errors="0" timestamp="2024-04-12T12:02:58 IST" skipped="0">
  <testcase classname="com.QA.Application.TestScripts.LoginScript" name="tc01VerifyLogin" time="10.736"/>
  <system-out/>
</testsuite> <!-- com.QA.Application.TestScripts.LoginScript -->
