<?xml version="1.0" encoding="UTF-8"?>
<!-- Generated by org.testng.reporters.JUnitReportReporter -->
<testsuite hostname="ojas-dl647" failures="0" tests="4" name="com.QA.DataDriven.DataDrivenTest" time="8.962" errors="0" timestamp="2024-04-17T12:12:52 IST" skipped="0">
  <testcase classname="com.QA.DataDriven.DataDrivenTest" name="loginTest" time="2.274"/>
  <system-out/>
  <testcase classname="com.QA.DataDriven.DataDrivenTest" name="loginTest" time="1.140"/>
  <system-out/>
  <testcase classname="com.QA.DataDriven.DataDrivenTest" name="loginTest" time="4.424"/>
  <system-out/>
  <testcase classname="com.QA.DataDriven.DataDrivenTest" name="loginTest" time="1.124"/>
  <system-out/>
</testsuite> <!-- com.QA.DataDriven.DataDrivenTest -->
