<?xml version="1.0" encoding="UTF-8"?>
<!-- Generated by org.testng.reporters.JUnitReportReporter -->
<testsuite hostname="ojas-dl647" failures="0" tests="1" name="com.QA.Application.TestScripts.LoginScript" time="2.507" errors="0" timestamp="2024-04-04T18:22:28 IST" skipped="0">
  <testcase classname="com.QA.Application.TestScripts.LoginScript" name="tc01VerifyLogin" time="2.507"/>
  <system-out/>
</testsuite> <!-- com.QA.Application.TestScripts.LoginScript -->
