<?xml version="1.0" encoding="UTF-8"?>
<!-- Generated by org.testng.reporters.JUnitReportReporter -->
<testsuite hostname="ojas-dl647" failures="0" tests="1" name="com.QA.Application.TestScripts.ApplicationOnBoardingScript" time="63.882" errors="0" timestamp="2024-04-05T18:10:50 IST" skipped="0">
  <testcase classname="com.QA.Application.TestScripts.ApplicationOnBoardingScript" name="tc02verifyApplicationOnBoarding" time="63.882"/>
  <system-out/>
</testsuite> <!-- com.QA.Application.TestScripts.ApplicationOnBoardingScript -->
