<?xml version="1.0" encoding="UTF-8"?>
<!-- Generated by org.testng.reporters.JUnitReportReporter -->
<testsuite hostname="ojas-dl647" failures="0" tests="1" name="com.QA.Application.TestScripts.IdentityMappingScripts" time="38.398" errors="0" timestamp="2024-04-16T11:59:19 IST" skipped="0">
  <testcase classname="com.QA.Application.TestScripts.IdentityMappingScripts" name="tc05verifyCreateIdentityMappings" time="38.398"/>
  <system-out/>
</testsuite> <!-- com.QA.Application.TestScripts.IdentityMappingScripts -->
