<?xml version="1.0" encoding="UTF-8"?>
<!-- Generated by org.testng.reporters.JUnitReportReporter -->
<testsuite hostname="ojas-dl647" failures="0" tests="1" name="com.QA.DataDrivenScripts.DeBugDDTScipts" time="120.423" errors="0" timestamp="2024-04-24T17:45:50 IST" skipped="0">
  <testcase classname="com.QA.DataDrivenScripts.DeBugDDTScipts" name="verifyCreateIdentityMappingsDDTScript" time="120.423"/>
</testsuite> <!-- com.QA.DataDrivenScripts.DeBugDDTScipts -->
