<?xml version="1.0" encoding="UTF-8"?>
<!-- Generated by org.testng.reporters.JUnitReportReporter -->
<testsuite hostname="ojas-dl647" failures="0" tests="1" name="com.QA.DataDrivenScripts.SailpointDDTLogin" time="15.019" errors="0" timestamp="2024-04-19T10:14:59 IST" skipped="0">
  <testcase classname="com.QA.DataDrivenScripts.SailpointDDTLogin" name="Launch_Application_DDT" time="15.019"/>
  <system-out/>
</testsuite> <!-- com.QA.DataDrivenScripts.SailpointDDTLogin -->
