<?xml version="1.0" encoding="UTF-8"?>
<!-- Generated by org.testng.reporters.JUnitReportReporter -->
<testsuite hostname="ojas-dl663" failures="0" tests="1" name="com.QA.DataDriven.DelimitedDDTScript" time="26.831" errors="0" timestamp="2024-04-18T11:17:22 IST" skipped="0">
  <testcase classname="com.QA.DataDriven.DelimitedDDTScript" name="delimitedFileTest" time="26.831"/>
  <system-out/>
</testsuite> <!-- com.QA.DataDriven.DelimitedDDTScript -->
