<?xml version="1.0" encoding="UTF-8"?>
<!-- Generated by org.testng.reporters.JUnitReportReporter -->
<testsuite hostname="ojas-dl647" failures="0" tests="1" name="com.QA.Application.TestScripts.ApplicationRulesSailPoint" time="34.636" errors="0" timestamp="2024-04-12T10:41:38 IST" skipped="0">
  <testcase classname="com.QA.Application.TestScripts.ApplicationRulesSailPoint" name="tc01VerifyLogin" time="34.636"/>
  <system-out/>
</testsuite> <!-- com.QA.Application.TestScripts.ApplicationRulesSailPoint -->
