<?xml version="1.0" encoding="UTF-8"?>
<!-- Generated by org.testng.reporters.JUnitReportReporter -->
<testsuite hostname="ojas-dl647" failures="0" tests="1" name="com.QA.DataDrivenScripts.JDBCDDTScript" time="67.804" errors="0" timestamp="2024-04-18T12:36:25 IST" skipped="0">
  <testcase classname="com.QA.DataDrivenScripts.JDBCDDTScript" name="JDBC_APPLICATION_ONBOARDING_DDT" time="67.804"/>
  <system-out/>
</testsuite> <!-- com.QA.DataDrivenScripts.JDBCDDTScript -->
